<?xml version="1.0" encoding="UTF-8"?>
<!-- Generated by org.testng.reporters.JUnitXMLReporter -->
<testsuite ignored="0" hostname="Bhupendras-MacBook-Pro.local" failures="0" tests="3" name="Default test" time="0.034" errors="0" timestamp="2021-06-12T11:23:51 IST">
  <testcase classname="common.LaunchBrowser" name="@BeforeSuite initbrowser" time="-1.623477226604E9">
    <failure type="org.testng.TestNGException" message="
Parameter &amp;apos;browser&amp;apos; is required by BeforeSuite on method initbrowser but has not been marked @Optional or defined
in /private/var/folders/26/q_tmxqnn6vj3348y2_v7fw4h0000gn/T/testng-eclipse-999646073/testng-customsuite.xml">
      <![CDATA[org.testng.TestNGException: 
Parameter 'browser' is required by BeforeSuite on method initbrowser but has not been marked @Optional or defined
in /private/var/folders/26/q_tmxqnn6vj3348y2_v7fw4h0000gn/T/testng-eclipse-999646073/testng-customsuite.xml
at org.testng.internal.Parameters.createParams(Parameters.java:289)
at org.testng.internal.Parameters.createParametersForMethod(Parameters.java:377)
at org.testng.internal.Parameters.createParameters(Parameters.java:721)
at org.testng.internal.Parameters.createConfigurationParameters(Parameters.java:164)
at org.testng.internal.ConfigInvoker.invokeConfigurations(ConfigInvoker.java:275)
at org.testng.SuiteRunner.privateRun(SuiteRunner.java:345)
at org.testng.SuiteRunner.run(SuiteRunner.java:304)
at org.testng.SuiteRunnerWorker.runSuite(SuiteRunnerWorker.java:53)
at org.testng.SuiteRunnerWorker.run(SuiteRunnerWorker.java:96)
at org.testng.TestNG.runSuitesSequentially(TestNG.java:1180)
at org.testng.TestNG.runSuitesLocally(TestNG.java:1102)
at org.testng.TestNG.runSuites(TestNG.java:1032)
at org.testng.TestNG.run(TestNG.java:1000)
at org.testng.remote.AbstractRemoteTestNG.run(AbstractRemoteTestNG.java:115)
at org.testng.remote.RemoteTestNG.initAndRun(RemoteTestNG.java:251)
at org.testng.remote.RemoteTestNG.main(RemoteTestNG.java:77)
]]>
    </failure>
  </testcase> <!-- @BeforeSuite initbrowser -->
  <testcase classname="test.NewItem" name="dashboard_menu" time="0.0">
    <skipped/>
  </testcase> <!-- dashboard_menu -->
  <testcase classname="test.NewItem" name="crate_new_item" time="0.0">
    <skipped/>
  </testcase> <!-- crate_new_item -->
  <testcase classname="test.NewItem" name="fill_form_to_create_new_item" time="0.0">
    <skipped/>
  </testcase> <!-- fill_form_to_create_new_item -->
</testsuite> <!-- Default test -->
