<?xml version="1.0" encoding="UTF-8"?>
<!-- Generated by org.testng.reporters.JUnitXMLReporter -->
<testsuite ignored="0" hostname="Bhupendras-MacBook-Pro.local" failures="2" tests="7" name="Test Class 2" time="210.407" errors="0" timestamp="2021-06-13T15:17:24 IST">
  <testcase classname="test.NewItem" name="verify_dashboard_menu" time="30.135"/>
  <testcase classname="test.NewItem" name="create_new_item" time="30.031">
    <failure type="junit.framework.AssertionFailedError">
      <![CDATA[junit.framework.AssertionFailedError
at junit.framework.Assert.fail(Assert.java:55)
at junit.framework.Assert.assertTrue(Assert.java:22)
at junit.framework.Assert.assertTrue(Assert.java:31)
at common.TestBase.click(TestBase.java:342)
at test.NewItem.create_new_item(NewItem.java:42)
at java.base/java.util.ArrayList.forEach(ArrayList.java:1510)
... Removed 27 stack frames]]>
    </failure>
  </testcase> <!-- create_new_item -->
  <testcase classname="test.NewItem" name="check_negative_case_try_to_submit_form_without_data_values" time="30.022"/>
  <testcase classname="test.NewItem" name="fill_form_to_create_new_item" time="30.045">
    <failure type="junit.framework.AssertionFailedError">
      <![CDATA[junit.framework.AssertionFailedError
at junit.framework.Assert.fail(Assert.java:55)
at junit.framework.Assert.assertTrue(Assert.java:22)
at junit.framework.Assert.assertTrue(Assert.java:31)
at common.TestBase.click(TestBase.java:342)
at test.NewItem.fill_form_to_create_new_item(NewItem.java:92)
at java.base/java.util.ArrayList.forEach(ArrayList.java:1510)
... Removed 27 stack frames]]>
    </failure>
  </testcase> <!-- fill_form_to_create_new_item -->
  <testcase classname="test.NewItem" name="submit_add_new_item_with_valid_data" time="30.022"/>
  <testcase classname="test.NewItem" name="navigate_item_list_and_search_newly_added_sku_item" time="30.085"/>
  <testcase classname="test.NewItem" name="verify_newly_added_sku_item" time="30.054"/>
</testsuite> <!-- Test Class 2 -->
