<?xml version="1.0" encoding="UTF-8"?>
<!-- Generated by org.testng.reporters.JUnitReportReporter -->
<testsuite hostname="Bhupendras-MacBook-Pro.local" failures="0" tests="40" name="parkplus.CreateLead" time="0.000" errors="1" timestamp="16 Jun 2020 09:16:37 GMT" skipped="39">
  <testcase classname="parkplus.CreateLead" name="getLead_data_from_google_sheet" time="0.000">
    <skipped/>
  </testcase> <!-- getLead_data_from_google_sheet -->
  <testcase classname="parkplus.CreateLead" name="initbrowser" time="0.000">
    <error message="
Parameter &#039;browser&#039; is required by BeforeSuite on method initbrowser but has not been marked @Optional or defined
in /private/var/folders/26/q_tmxqnn6vj3348y2_v7fw4h0000gn/T/testng-eclipse-1922334138/testng-customsuite.xml" type="org.testng.TestNGException">
      <![CDATA[org.testng.TestNGException: 
Parameter 'browser' is required by BeforeSuite on method initbrowser but has not been marked @Optional or defined
in /private/var/folders/26/q_tmxqnn6vj3348y2_v7fw4h0000gn/T/testng-eclipse-1922334138/testng-customsuite.xml
at org.testng.internal.Parameters.createParams(Parameters.java:290)
at org.testng.internal.Parameters.createParametersForMethod(Parameters.java:359)
at org.testng.internal.Parameters.createParameters(Parameters.java:620)
at org.testng.internal.Parameters.createConfigurationParameters(Parameters.java:190)
at org.testng.internal.Invoker.invokeConfigurations(Invoker.java:209)
at org.testng.internal.Invoker.invokeConfigurations(Invoker.java:142)
at org.testng.SuiteRunner.privateRun(SuiteRunner.java:401)
at org.testng.SuiteRunner.run(SuiteRunner.java:364)
at org.testng.SuiteRunnerWorker.runSuite(SuiteRunnerWorker.java:52)
at org.testng.SuiteRunnerWorker.run(SuiteRunnerWorker.java:84)
at org.testng.TestNG.runSuitesSequentially(TestNG.java:1208)
at org.testng.TestNG.runSuitesLocally(TestNG.java:1137)
at org.testng.TestNG.runSuites(TestNG.java:1049)
at org.testng.TestNG.run(TestNG.java:1017)
at org.testng.remote.AbstractRemoteTestNG.run(AbstractRemoteTestNG.java:115)
at org.testng.remote.RemoteTestNG.initAndRun(RemoteTestNG.java:251)
at org.testng.remote.RemoteTestNG.main(RemoteTestNG.java:77)
]]>
    </error>
  </testcase> <!-- initbrowser -->
  <testcase classname="parkplus.CreateLead" name="open_home_page_to_create_lead" time="0.000">
    <skipped/>
  </testcase> <!-- open_home_page_to_create_lead -->
  <testcase classname="parkplus.CreateLead" name="accept_cookies_dialog" time="0.000">
    <skipped/>
  </testcase> <!-- accept_cookies_dialog -->
  <testcase classname="parkplus.CreateLead" name="check_select_service_dropdown_on_homepage" time="0.000">
    <skipped/>
  </testcase> <!-- check_select_service_dropdown_on_homepage -->
  <testcase classname="parkplus.CreateLead" name="choose_service_dropdown_on_homepage" time="0.000">
    <skipped/>
  </testcase> <!-- choose_service_dropdown_on_homepage -->
  <testcase classname="parkplus.CreateLead" name="select_car_on_homepage" time="0.000">
    <skipped/>
  </testcase> <!-- select_car_on_homepage -->
  <testcase classname="parkplus.CreateLead" name="click_on_pin_textbox" time="0.000">
    <skipped/>
  </testcase> <!-- click_on_pin_textbox -->
  <testcase classname="parkplus.CreateLead" name="clear_pin_textbox" time="0.000">
    <skipped/>
  </testcase> <!-- clear_pin_textbox -->
  <testcase classname="parkplus.CreateLead" name="enter_value_in_pin_textbox" time="0.000">
    <skipped/>
  </testcase> <!-- enter_value_in_pin_textbox -->
  <testcase classname="parkplus.CreateLead" name="click_homepage_cta" time="0.000">
    <skipped/>
  </testcase> <!-- click_homepage_cta -->
  <testcase classname="parkplus.CreateLead" name="funnal_choose_model_family" time="0.000">
    <skipped/>
  </testcase> <!-- funnal_choose_model_family -->
  <testcase classname="parkplus.CreateLead" name="funnal_choose_karosserieform" time="0.000">
    <skipped/>
  </testcase> <!-- funnal_choose_karosserieform -->
  <testcase classname="parkplus.CreateLead" name="funnal_choose_baujahr" time="0.000">
    <skipped/>
  </testcase> <!-- funnal_choose_baujahr -->
  <testcase classname="parkplus.CreateLead" name="funnal_choose_model" time="0.000">
    <skipped/>
  </testcase> <!-- funnal_choose_model -->
  <testcase classname="parkplus.CreateLead" name="funnal_choose_services" time="0.000">
    <skipped/>
  </testcase> <!-- funnal_choose_services -->
  <testcase classname="parkplus.CreateLead" name="funnal_go_next_from_services" time="0.000">
    <skipped/>
  </testcase> <!-- funnal_go_next_from_services -->
  <testcase classname="parkplus.CreateLead" name="save_offer" time="0.000">
    <skipped/>
  </testcase> <!-- save_offer -->
  <testcase classname="parkplus.CreateLead" name="Save_offer_email_input" time="0.000">
    <skipped/>
  </testcase> <!-- Save_offer_email_input -->
  <testcase classname="parkplus.CreateLead" name="save_offer_email_button_click" time="0.000">
    <skipped/>
  </testcase> <!-- save_offer_email_button_click -->
  <testcase classname="parkplus.CreateLead" name="close_send_offer_success_popup" time="0.000">
    <skipped/>
  </testcase> <!-- close_send_offer_success_popup -->
  <testcase classname="parkplus.CreateLead" name="go_next_from_offer_price_details" time="0.000">
    <skipped/>
  </testcase> <!-- go_next_from_offer_price_details -->
  <testcase classname="parkplus.CreateLead" name="click_on_direct_navigation_button" time="0.000">
    <skipped/>
  </testcase> <!-- click_on_direct_navigation_button -->
  <testcase classname="parkplus.CreateLead" name="click_on_direct_navigation_Close" time="0.000">
    <skipped/>
  </testcase> <!-- click_on_direct_navigation_Close -->
  <testcase classname="parkplus.CreateLead" name="more_mechanic_list_open_close" time="0.000">
    <skipped/>
  </testcase> <!-- more_mechanic_list_open_close -->
  <testcase classname="parkplus.CreateLead" name="click_and_open_price_details_popup" time="0.000">
    <skipped/>
  </testcase> <!-- click_and_open_price_details_popup -->
  <testcase classname="parkplus.CreateLead" name="click_and_close_price_details_popup" time="0.000">
    <skipped/>
  </testcase> <!-- click_and_close_price_details_popup -->
  <testcase classname="parkplus.CreateLead" name="Click_next_button_from_mechanic_screen" time="0.000">
    <skipped/>
  </testcase> <!-- Click_next_button_from_mechanic_screen -->
  <testcase classname="parkplus.CreateLead" name="click_on_skip_date_selection" time="0.000">
    <skipped/>
  </testcase> <!-- click_on_skip_date_selection -->
  <testcase classname="parkplus.CreateLead" name="fill_and_submit_lead_name_details" time="0.000">
    <skipped/>
  </testcase> <!-- fill_and_submit_lead_name_details -->
  <testcase classname="parkplus.CreateLead" name="fill_and_submit_lead_email_details" time="0.000">
    <skipped/>
  </testcase> <!-- fill_and_submit_lead_email_details -->
  <testcase classname="parkplus.CreateLead" name="fill_and_submit_lead_mobile_number_details" time="0.000">
    <skipped/>
  </testcase> <!-- fill_and_submit_lead_mobile_number_details -->
  <testcase classname="parkplus.CreateLead" name="checkin_page_accordian_open" time="0.000">
    <skipped/>
  </testcase> <!-- checkin_page_accordian_open -->
  <testcase classname="parkplus.CreateLead" name="checkin_page_accordian_close" time="0.000">
    <skipped/>
  </testcase> <!-- checkin_page_accordian_close -->
  <testcase classname="parkplus.CreateLead" name="checkin_page_scroll_to_info" time="0.000">
    <skipped/>
  </testcase> <!-- checkin_page_scroll_to_info -->
  <testcase classname="parkplus.CreateLead" name="checkin_page_fill_fin_details" time="0.000">
    <skipped/>
  </testcase> <!-- checkin_page_fill_fin_details -->
  <testcase classname="parkplus.CreateLead" name="checkin_page_fill_address_details" time="0.000">
    <skipped/>
  </testcase> <!-- checkin_page_fill_address_details -->
  <testcase classname="parkplus.CreateLead" name="checkin_page_fill_comments" time="0.000">
    <skipped/>
  </testcase> <!-- checkin_page_fill_comments -->
  <testcase classname="parkplus.CreateLead" name="connect_rocket_database" time="0.000">
    <skipped/>
  </testcase> <!-- connect_rocket_database -->
  <testcase classname="parkplus.CreateLead" name="get_lead" time="0.000">
    <skipped/>
  </testcase> <!-- get_lead -->
</testsuite> <!-- parkplus.CreateLead -->
